<?xml version="1.0" encoding="UTF-8"?>
<!-- Generated by org.testng.reporters.JUnitReportReporter -->
<testsuite hostname="DESKTOP-1IHFUVG" failures="0" tests="2" name="com.vlocity.splitter.StringSplitterTest" time="0.065" errors="0" timestamp="2019-09-01T01:52:19 PST" skipped="0">
  <testcase classname="com.vlocity.splitter.StringSplitterTest" name="testMethod1" time="0.050"/>
  <testcase classname="com.vlocity.splitter.StringSplitterTest" name="testMethod2" time="0.015"/>
</testsuite> <!-- com.vlocity.splitter.StringSplitterTest -->
